2019-01-16 02:47:41:888 INFO MainApplication.java:80 [thread-main] - Tempora aut voluptate consequatur ullam.
2019-01-16 02:47:50:528 DEBUG LoadSpringControllers.java:89 [thread-main] - Illum ut officia pariatur placeat qui ducimus adipisci asperiores rerum aut.
2019-01-16 02:47:59:168 INFO LoadDependencies.java:200 [thread-main] - Dolorem et vero rerum aut.
2019-01-16 02:48:07:808 TRACE DefineInjections.java:120 [thread-main] - Corporis consequatur vel et autem quo magnam reiciendis.
2019-01-16 02:48:16:448 DEBUG LoadDataStore.java:80 [thread-main] - Modi non sit molestiae molestias.
2019-01-16 02:48:25:088 INFO LoadDaoModels.java:87 [thread-main] - Libero qui facilis voluptatum et id ut corrupti et quia ut dolorem.
2019-01-16 02:48:33:728 DEBUG InitializeApplication.java:44 [thread-main] - Veritatis fuga in quo cupiditate corporis ut magnam ratione assumenda nulla possimus magni commodi.
2019-01-16 02:48:42:368 DEBUG LoadModels.java:80 [thread-main] - Ea et provident iusto saepe inventore.
2019-01-16 02:48:51:008 DEBUG RegisterApplication.java:23 [thread-main] - Dolore eos odio.
2019-01-16 02:48:59:648 DEBUG AdminController.java:20 [thread-main] - Possimus recusandae quam quia quidem doloribus tempore ut sit.
2019-01-16 02:49:08:288 INFO MyDummyController.java:14 [thread-main] - Quidem quibusdam ut perspiciatis labore dolore officia error accusantium.
2019-01-16 02:49:16:928 INFO MyDummyController.java:80 [thread-1] - Beatae facilis dignissimos est sint qui doloribus et.
2019-01-16 02:49:25:568 INFO MyDummyController.java:80 [thread-4] - Beatae facilis dignissimos est sint qui doloribus et.
2019-01-16 02:49:34:208 INFO AdminController.java:30 [thread-10] - Rerum autem ut cumque quia illum delectus culpa quod aut.
2019-01-16 02:49:42:848 INFO MyDummyController.java:60 [thread-6] - Et voluptatem itaque veniam aut porro sunt.
2019-01-16 02:49:51:488 INFO MyDummyController.java:80 [thread-0] - Beatae facilis dignissimos est sint qui doloribus et.
2019-01-16 02:50:00:128 DEBUG AdminController.java:40 [thread-10] - Assumenda fugiat iure.
2019-01-16 02:50:08:768 DEBUG MyDummyController.java:89 [thread-0] - Explicabo qui debitis doloremque animi.
2019-01-16 02:50:17:408 INFO AdminController.java:49 [thread-10] - Inventore ad voluptatem.
2019-01-16 02:50:26:048 INFO AdminEntityService.java:200 [thread-10] - Est minima qui sapiente consectetur aut culpa earum sint dolore voluptatem.
2019-01-16 02:50:34:688 INFO MyDummyController.java:60 [thread-5] - Et voluptatem itaque veniam aut porro sunt.
2019-01-16 02:50:43:328 INFO MyDummyController.java:80 [thread-2] - Beatae facilis dignissimos est sint qui doloribus et.
2019-01-16 02:50:51:968 DEBUG MyDummyController.java:72 [thread-5] - Et occaecati vero cupiditate sunt ut quos fuga ipsam perferendis et.
2019-01-16 02:51:00:608 INFO AdminController.java:30 [thread-11] - Rerum autem ut cumque quia illum delectus culpa quod aut.
2019-01-16 02:51:09:248 DEBUG AdminController.java:40 [thread-11] - Assumenda fugiat iure.
2019-01-16 02:51:17:888 DEBUG MyDummyController.java:89 [thread-4] - Explicabo qui debitis doloremque animi.
2019-01-16 02:51:26:528 DEBUG MyDummyController.java:89 [thread-1] - Explicabo qui debitis doloremque animi.
2019-01-16 02:51:35:168 DEBUG MyDummyController.java:89 [thread-2] - Explicabo qui debitis doloremque animi.
2019-01-16 02:51:43:808 INFO AdminController.java:49 [thread-11] - Inventore ad voluptatem.
2019-01-16 02:51:52:448 INFO ProductEntityService.java:200 [thread-5] - Inventore cum ipsam ipsa sed sint magnam rerum nobis sed facilis itaque corporis molestiae.
2019-01-16 02:52:01:088 INFO LogEntityService.java:200 [thread-4] - Quas sed sed dolorem quos officiis et facilis velit et tempora.
2019-01-16 02:52:09:728 INFO MyDummyController.java:60 [thread-8] - Et voluptatem itaque veniam aut porro sunt.
2019-01-16 02:52:18:368 INFO MyDummyController.java:60 [thread-9] - Et voluptatem itaque veniam aut porro sunt.
2019-01-16 02:52:27:008 DEBUG MyDummyController.java:72 [thread-9] - Et occaecati vero cupiditate sunt ut quos fuga ipsam perferendis et.
2019-01-16 02:52:35:648 DEBUG MyDummyController.java:72 [thread-6] - Et occaecati vero cupiditate sunt ut quos fuga ipsam perferendis et.
2019-01-16 02:52:44:288 INFO AdminEntityService.java:200 [thread-11] - Est minima qui sapiente consectetur aut culpa earum sint dolore voluptatem.
2019-01-16 02:52:52:928 TRACE BaseService.java:120 [thread-11] - Molestiae aut dolores cupiditate.
2019-01-16 02:53:01:568 INFO LogEntityService.java:200 [thread-1] - Quas sed sed dolorem quos officiis et facilis velit et tempora.
2019-01-16 02:53:10:208 DEBUG MyDummyController.java:72 [thread-8] - Et occaecati vero cupiditate sunt ut quos fuga ipsam perferendis et.
2019-01-16 02:53:18:848 TRACE BaseService.java:120 [thread-1] - Assumenda alias a minima magnam inventore rem molestiae sed quisquam rerum ab.
2019-01-16 02:53:27:488 INFO MyDummyController.java:80 [thread-3] - Beatae facilis dignissimos est sint qui doloribus et.
2019-01-16 02:53:36:128 TRACE BaseService.java:120 [thread-4] - Assumenda alias a minima magnam inventore rem molestiae sed quisquam rerum ab.
2019-01-16 02:53:44:768 DEBUG LogDaoManager.java:80 [thread-4] - Non rerum doloribus vel distinctio voluptas nam vitae.
2019-01-16 02:53:53:408 INFO MyDummyController.java:60 [thread-7] - Et voluptatem itaque veniam aut porro sunt.
2019-01-16 02:54:02:048 DEBUG MyDummyController.java:72 [thread-7] - Et occaecati vero cupiditate sunt ut quos fuga ipsam perferendis et.
2019-01-16 02:54:10:688 DEBUG MyDummyController.java:89 [thread-3] - Explicabo qui debitis doloremque animi.
2019-01-16 02:54:19:328 INFO LogDaoManager.java:87 [thread-4] - Nihil rerum sit labore optio in.
2019-01-16 02:54:27:968 INFO LogEntityService.java:200 [thread-0] - Quas sed sed dolorem quos officiis et facilis velit et tempora.
2019-01-16 02:54:36:608 DEBUG AdminDaoManager.java:80 [thread-11] - Sequi incidunt et aliquam molestiae sed.
2019-01-16 02:54:45:248 TRACE BaseService.java:120 [thread-0] - Assumenda alias a minima magnam inventore rem molestiae sed quisquam rerum ab.
2019-01-16 02:54:53:888 TRACE BaseService.java:120 [thread-10] - Molestiae aut dolores cupiditate.
2019-01-16 02:55:02:528 DEBUG LogDaoManager.java:80 [thread-1] - Non rerum doloribus vel distinctio voluptas nam vitae.
2019-01-16 02:55:11:168 DEBUG AdminDaoManager.java:80 [thread-10] - Sequi incidunt et aliquam molestiae sed.
2019-01-16 02:55:19:808 INFO AdminDaoManager.java:87 [thread-11] - Quam voluptatem omnis id quaerat enim et accusamus omnis nihil ipsa omnis.
2019-01-16 02:55:28:448 DEBUG LogDaoManager.java:80 [thread-0] - Non rerum doloribus vel distinctio voluptas nam vitae.
2019-01-16 02:55:37:088 INFO ProductEntityService.java:200 [thread-8] - Inventore cum ipsam ipsa sed sint magnam rerum nobis sed facilis itaque corporis molestiae.
2019-01-16 02:55:45:728 DEBUG AdminEntity.java:44 [thread-11] - Facere enim molestiae similique quibusdam aut nulla non officia voluptatem sit.
2019-01-16 02:55:54:368 INFO LogDaoManager.java:87 [thread-0] - Nihil rerum sit labore optio in.
2019-01-16 02:56:03:008 TRACE BaseService.java:120 [thread-5] - Quod omnis tenetur consequatur tempore ratione odit sequi omnis et saepe ea vel odio.
2019-01-16 02:56:11:648 DEBUG ProductDaoManager.java:80 [thread-5] - Delectus laudantium rem repudiandae blanditiis nobis sint exercitationem omnis.
2019-01-16 02:56:20:288 DEBUG LogEntity.java:44 [thread-4] - Maiores quia ad pariatur corporis non qui suscipit animi expedita.
2019-01-16 02:56:28:928 DEBUG LogEntity.java:44 [thread-0] - Maiores quia ad pariatur corporis non qui suscipit animi expedita.
2019-01-16 02:56:37:568 INFO LogEntityService.java:200 [thread-3] - Quas sed sed dolorem quos officiis et facilis velit et tempora.
2019-01-16 02:56:46:208 INFO ProductDaoManager.java:87 [thread-5] - Et aut quia accusantium dolor.
2019-01-16 02:56:54:848 INFO ProductEntityService.java:200 [thread-6] - Inventore cum ipsam ipsa sed sint magnam rerum nobis sed facilis itaque corporis molestiae.
2019-01-16 02:57:03:488 INFO AdminDaoManager.java:87 [thread-10] - Quam voluptatem omnis id quaerat enim et accusamus omnis nihil ipsa omnis.
2019-01-16 02:57:12:128 TRACE BaseService.java:120 [thread-8] - Quod omnis tenetur consequatur tempore ratione odit sequi omnis et saepe ea vel odio.
2019-01-16 02:57:20:768 INFO LogDaoManager.java:87 [thread-1] - Nihil rerum sit labore optio in.
2019-01-16 02:57:29:408 DEBUG ProductDaoManager.java:80 [thread-8] - Delectus laudantium rem repudiandae blanditiis nobis sint exercitationem omnis.
2019-01-16 02:57:38:048 INFO LogEntityService.java:200 [thread-2] - Quas sed sed dolorem quos officiis et facilis velit et tempora.
2019-01-16 02:57:46:688 INFO ProductEntityService.java:200 [thread-9] - Inventore cum ipsam ipsa sed sint magnam rerum nobis sed facilis itaque corporis molestiae.
2019-01-16 02:57:55:328 DEBUG LogEntity.java:44 [thread-1] - Maiores quia ad pariatur corporis non qui suscipit animi expedita.
2019-01-16 02:58:03:968 DEBUG AdminEntity.java:44 [thread-10] - Facere enim molestiae similique quibusdam aut nulla non officia voluptatem sit.
2019-01-16 02:58:12:608 TRACE BaseService.java:120 [thread-6] - Quod omnis tenetur consequatur tempore ratione odit sequi omnis et saepe ea vel odio.
2019-01-16 02:58:21:248 DEBUG ProductDaoManager.java:80 [thread-6] - Delectus laudantium rem repudiandae blanditiis nobis sint exercitationem omnis.
2019-01-16 02:58:29:888 DEBUG LogViewModal.java:80 [thread-4] - Odit laborum dolor nisi blanditiis consectetur.
2019-01-16 02:58:38:528 INFO ProductDaoManager.java:87 [thread-6] - Et aut quia accusantium dolor.
2019-01-16 02:58:47:168 DEBUG ProductEntity.java:44 [thread-6] - Est sapiente ut nihil reprehenderit et et ut error.
2019-01-16 02:58:55:808 DEBUG LogViewModal.java:80 [thread-0] - Odit laborum dolor nisi blanditiis consectetur.
2019-01-16 02:59:04:448 DEBUG ProductEntity.java:44 [thread-5] - Est sapiente ut nihil reprehenderit et et ut error.
2019-01-16 02:59:13:088 INFO ProductDaoManager.java:87 [thread-8] - Et aut quia accusantium dolor.
2019-01-16 02:59:21:728 DEBUG LogViewModal.java:23 [thread-0] - Corporis beatae dignissimos esse quos odio ipsa deserunt quaerat itaque voluptatem aut sint eos.
2019-01-16 02:59:30:368 DEBUG LogViewModal.java:80 [thread-1] - Odit laborum dolor nisi blanditiis consectetur.
2019-01-16 02:59:39:008 DEBUG ProductViewModal.java:80 [thread-5] - Voluptatem facilis facere quo laborum sed nobis repudiandae quae ea.
2019-01-16 02:59:47:648 DEBUG ProductViewModal.java:80 [thread-6] - Voluptatem facilis facere quo laborum sed nobis repudiandae quae ea.
2019-01-16 02:59:56:288 TRACE BaseService.java:120 [thread-2] - Assumenda alias a minima magnam inventore rem molestiae sed quisquam rerum ab.
2019-01-16 03:00:04:928 DEBUG LogViewModal.java:23 [thread-1] - Corporis beatae dignissimos esse quos odio ipsa deserunt quaerat itaque voluptatem aut sint eos.
2019-01-16 03:00:13:568 DEBUG ProductViewModal.java:23 [thread-5] - Vel aspernatur impedit quia.
2019-01-16 03:00:22:208 DEBUG AdminViewModal.java:80 [thread-10] - Ad minima quisquam corporis nesciunt maiores blanditiis.
2019-01-16 03:00:30:848 DEBUG ProductViewModal.java:23 [thread-6] - Vel aspernatur impedit quia.
2019-01-16 03:00:39:488 INFO ProductEntityService.java:200 [thread-7] - Inventore cum ipsam ipsa sed sint magnam rerum nobis sed facilis itaque corporis molestiae.
2019-01-16 03:00:48:128 TRACE BaseService.java:120 [thread-3] - Assumenda alias a minima magnam inventore rem molestiae sed quisquam rerum ab.
2019-01-16 03:00:56:768 DEBUG LogDaoManager.java:80 [thread-2] - Non rerum doloribus vel distinctio voluptas nam vitae.
2019-01-16 03:01:05:408 DEBUG LogDataFormatter.java:30 [thread-1] - Omnis aut aliquam et aspernatur quod eos qui ratione quae ea quia.
2019-01-16 03:01:14:048 DEBUG LogDataFormatter.java:30 [thread-0] - Omnis aut aliquam et aspernatur quod eos qui ratione quae ea quia.
2019-01-16 03:01:22:688 DEBUG LogDaoManager.java:80 [thread-3] - Non rerum doloribus vel distinctio voluptas nam vitae.
2019-01-16 03:01:31:328 TRACE BaseService.java:120 [thread-7] - Quod omnis tenetur consequatur tempore ratione odit sequi omnis et saepe ea vel odio.
2019-01-16 03:01:39:968 DEBUG ProductEntity.java:44 [thread-8] - Est sapiente ut nihil reprehenderit et et ut error.
2019-01-16 03:01:48:608 INFO LogDaoManager.java:87 [thread-2] - Nihil rerum sit labore optio in.
2019-01-16 03:01:57:248 TRACE BaseService.java:120 [thread-9] - Quod omnis tenetur consequatur tempore ratione odit sequi omnis et saepe ea vel odio.
